[0.470s] Invoking command in '/home/nimrod/ros2_ws/src/stair_detection_pkg/stair_modeling_ros/build/stair_modeling_ros': CMAKE_PREFIX_PATH=${CMAKE_PREFIX_PATH}:/home/nimrod/ros2_ws/install/stair_detection_ros:/opt/ros/foxy /home/nimrod/.local/bin/cmake --build /home/nimrod/ros2_ws/src/stair_detection_pkg/stair_modeling_ros/build/stair_modeling_ros -- -j16 -l16
[0.597s] [ 22%] Built target zion_tf2_broadcaster
[0.700s] [ 33%] [32mBuilding CXX object CMakeFiles/stair_modeling_ros.dir/src/stair_modeling.cpp.o[0m
[9.947s] [01m[K/home/nimrod/ros2_ws/src/stair_detection_pkg/stair_modeling_ros/src/stair_modeling.cpp:[m[K In member function â€˜[01m[Kvoid StairModeling::tfCallback(tf2_msgs::msg::TFMessage_<std::allocator<void> >::SharedPtr)[m[Kâ€™:
[9.947s] [01m[K/home/nimrod/ros2_ws/src/stair_detection_pkg/stair_modeling_ros/src/stair_modeling.cpp:152:74:[m[K [01;35m[Kwarning: [m[Kunused parameter â€˜[01m[Ktf_msg[m[Kâ€™ [[01;35m[K-Wunused-parameter[m[K]
[9.947s]   152 | void StairModeling::tfCallback([01;35m[Kconst tf2_msgs::msg::TFMessage::SharedPtr tf_msg[m[K)
[9.947s]       |                                [01;35m[K~~~~~~~~~~~~~~~~~~~~~~~~~~~~~~~~~~~~~~~~~~^~~~~~[m[K
[31.830s] [ 44%] [32m[1mLinking CXX shared library libstair_modeling_ros.so[0m
[36.857s] [ 77%] Built target stair_modeling_ros
[36.926s] [ 88%] [32mBuilding CXX object CMakeFiles/stair_modeling_ros_node.dir/src/stair_modeling_ros_node.cpp.o[0m
[38.204s] make[2]: *** [CMakeFiles/stair_modeling_ros_node.dir/build.make:76: CMakeFiles/stair_modeling_ros_node.dir/src/stair_modeling_ros_node.cpp.o] Interrupt
[38.204s] make[1]: *** [CMakeFiles/Makefile2:167: CMakeFiles/stair_modeling_ros_node.dir/all] Interrupt
[38.205s] make: *** [Makefile:146: all] Interrupt
[38.210s] Traceback (most recent call last):
[38.213s]   File "/home/nimrod/.local/bin/cmake", line 8, in <module>
[38.213s]     sys.exit(cmake())
[38.213s]   File "/home/nimrod/.local/lib/python3.8/site-packages/cmake/__init__.py", line 43, in cmake
[38.214s]     raise SystemExit(_program('cmake', sys.argv[1:]))
[38.214s]   File "/home/nimrod/.local/lib/python3.8/site-packages/cmake/__init__.py", line 39, in _program
[38.214s]     return subprocess.call([os.path.join(CMAKE_BIN_DIR, name)] + args, close_fds=False)
[38.214s]   File "/usr/lib/python3.8/subprocess.py", line 342, in call
[38.214s]     return p.wait(timeout=timeout)
[38.214s]   File "/usr/lib/python3.8/subprocess.py", line 1083, in wait
[38.215s]     return self._wait(timeout=timeout)
[38.215s]   File "/usr/lib/python3.8/subprocess.py", line 1806, in _wait
[38.215s]     (pid, sts) = self._try_wait(0)
[38.215s]   File "/usr/lib/python3.8/subprocess.py", line 1764, in _try_wait
[38.215s]     (pid, sts) = os.waitpid(self.pid, wait_flags)
[38.215s] KeyboardInterrupt
[38.228s] Invoked command in '/home/nimrod/ros2_ws/src/stair_detection_pkg/stair_modeling_ros/build/stair_modeling_ros' returned '-2': CMAKE_PREFIX_PATH=${CMAKE_PREFIX_PATH}:/home/nimrod/ros2_ws/install/stair_detection_ros:/opt/ros/foxy /home/nimrod/.local/bin/cmake --build /home/nimrod/ros2_ws/src/stair_detection_pkg/stair_modeling_ros/build/stair_modeling_ros -- -j16 -l16
