[0.483s] Invoking command in '/home/nimrod/ros2_ws/src/stair_detection_pkg/stair_modeling_ros/build/stair_modeling_ros': CMAKE_PREFIX_PATH=${CMAKE_PREFIX_PATH}:/home/nimrod/ros2_ws/install/stair_detection_ros:/opt/ros/foxy /home/nimrod/.local/bin/cmake --build /home/nimrod/ros2_ws/src/stair_detection_pkg/stair_modeling_ros/build/stair_modeling_ros -- -j16 -l16
[0.588s] [ 11%] [32mBuilding CXX object CMakeFiles/zion_tf2_broadcaster.dir/src/zion_tf2_broadcaster.cpp.o[0m
[0.688s] [ 22%] [32mBuilding CXX object CMakeFiles/stair_modeling_ros.dir/src/stair_modeling.cpp.o[0m
[3.344s] [01m[K/home/nimrod/ros2_ws/src/stair_detection_pkg/stair_modeling_ros/src/zion_tf2_broadcaster.cpp:[m[K In member function â€˜[01m[Kvoid CloudTransformer::topic_callback(tf2_msgs::msg::TFMessage_<std::allocator<void> >::SharedPtr)[m[Kâ€™:
[3.345s] [01m[K/home/nimrod/ros2_ws/src/stair_detection_pkg/stair_modeling_ros/src/zion_tf2_broadcaster.cpp:50:65:[m[K [01;35m[Kwarning: [m[Kunused parameter â€˜[01m[Kmsg[m[Kâ€™ [[01;35m[K-Wunused-parameter[m[K]
[3.345s]    50 |   void topic_callback([01;35m[Kconst tf2_msgs::msg::TFMessage::SharedPtr msg[m[K)
[3.345s]       |                       [01;35m[K~~~~~~~~~~~~~~~~~~~~~~~~~~~~~~~~~~~~~~~~~~^~~[m[K
[10.342s] [ 33%] [32m[1mLinking CXX executable zion_tf2_broadcaster[0m
[10.909s] [ 33%] Built target zion_tf2_broadcaster
[13.542s] [01m[K/home/nimrod/ros2_ws/src/stair_detection_pkg/stair_modeling_ros/src/stair_modeling.cpp:[m[K In member function â€˜[01m[Kvoid StairModeling::tfCallback(tf2_msgs::msg::TFMessage_<std::allocator<void> >::SharedPtr)[m[Kâ€™:
[13.542s] [01m[K/home/nimrod/ros2_ws/src/stair_detection_pkg/stair_modeling_ros/src/stair_modeling.cpp:152:74:[m[K [01;35m[Kwarning: [m[Kunused parameter â€˜[01m[Ktf_msg[m[Kâ€™ [[01;35m[K-Wunused-parameter[m[K]
[13.543s]   152 | void StairModeling::tfCallback([01;35m[Kconst tf2_msgs::msg::TFMessage::SharedPtr tf_msg[m[K)
[13.543s]       |                                [01;35m[K~~~~~~~~~~~~~~~~~~~~~~~~~~~~~~~~~~~~~~~~~~^~~~~~[m[K
[26.908s] make[2]: *** [CMakeFiles/stair_modeling_ros.dir/build.make:90: CMakeFiles/stair_modeling_ros.dir/src/stair_modeling.cpp.o] Interrupt
[26.908s] make[1]: *** [CMakeFiles/Makefile2:141: CMakeFiles/stair_modeling_ros.dir/all] Interrupt
[26.908s] make: *** [Makefile:146: all] Interrupt
[26.910s] Traceback (most recent call last):
[26.911s]   File "/home/nimrod/.local/bin/cmake", line 8, in <module>
[26.911s]     sys.exit(cmake())
[26.911s]   File "/home/nimrod/.local/lib/python3.8/site-packages/cmake/__init__.py", line 43, in cmake
[26.912s]     raise SystemExit(_program('cmake', sys.argv[1:]))
[26.912s]   File "/home/nimrod/.local/lib/python3.8/site-packages/cmake/__init__.py", line 39, in _program
[26.912s]     return subprocess.call([os.path.join(CMAKE_BIN_DIR, name)] + args, close_fds=False)
[26.912s]   File "/usr/lib/python3.8/subprocess.py", line 342, in call
[26.917s]     return p.wait(timeout=timeout)
[26.918s]   File "/usr/lib/python3.8/subprocess.py", line 1083, in wait
[26.918s]     return self._wait(timeout=timeout)
[26.918s]   File "/usr/lib/python3.8/subprocess.py", line 1806, in _wait
[26.919s]     (pid, sts) = self._try_wait(0)
[26.919s]   File "/usr/lib/python3.8/subprocess.py", line 1764, in _try_wait
[26.920s]     (pid, sts) = os.waitpid(self.pid, wait_flags)
[26.920s] KeyboardInterrupt
[26.988s] Invoked command in '/home/nimrod/ros2_ws/src/stair_detection_pkg/stair_modeling_ros/build/stair_modeling_ros' returned '-2': CMAKE_PREFIX_PATH=${CMAKE_PREFIX_PATH}:/home/nimrod/ros2_ws/install/stair_detection_ros:/opt/ros/foxy /home/nimrod/.local/bin/cmake --build /home/nimrod/ros2_ws/src/stair_detection_pkg/stair_modeling_ros/build/stair_modeling_ros -- -j16 -l16
